<?xml version="1.0" encoding="UTF-8"?>
<!-- Generated by org.testng.reporters.JUnitXMLReporter -->
<testsuite ignored="0" hostname="DESKTOP-AJLC7JG" failures="0" tests="6" name="Default test" time="14.88" errors="0" timestamp="2024-03-26T16:51:30 IST">
  <testcase classname="api.test.DataDrivenTests" name="testPostUser" time="4.921"/>
  <testcase classname="api.test.DataDrivenTests" name="testPostUser" time="1.533"/>
  <testcase classname="api.test.DataDrivenTests" name="testPostUser" time="1.533"/>
  <testcase classname="api.test.DataDrivenTests" name="testDeleteUserByName" time="1.586"/>
  <testcase classname="api.test.DataDrivenTests" name="testDeleteUserByName" time="1.582"/>
  <testcase classname="api.test.DataDrivenTests" name="testDeleteUserByName" time="1.545"/>
</testsuite> <!-- Default test -->
