<?xml version="1.0" encoding="UTF-8"?>
<!-- Generated by org.testng.reporters.JUnitXMLReporter -->
<testsuite ignored="0" hostname="DESKTOP-AJLC7JG" failures="0" tests="4" name="Test" time="11.485" errors="0" timestamp="2024-03-27T10:57:52 IST">
  <testcase classname="api.test.UserTests2" name="testPostUser" time="3.801"/>
  <testcase classname="api.test.UserTests2" name="testGetUserByName" time="1.444"/>
  <testcase classname="api.test.UserTests2" name="updateUser" time="3.071"/>
  <testcase classname="api.test.UserTests2" name="deleteUser" time="1.533"/>
</testsuite> <!-- Test -->
