<?xml version="1.0" encoding="UTF-8"?>
<testng-results ignored="0" total="4" passed="4" failed="0" skipped="0">
  <reporter-output>
  </reporter-output>
  <suite started-at="2024-03-27T11:36:33 IST" name="Suite" finished-at="2024-03-27T11:36:45 IST" duration-ms="11825">
    <groups>
    </groups>
    <test started-at="2024-03-27T11:36:33 IST" name="Test" finished-at="2024-03-27T11:36:45 IST" duration-ms="11825">
      <class name="api.test.UserTests2">
        <test-method is-config="true" signature="setupData()[pri:0, instance:api.test.UserTests2@78b66d36]" started-at="2024-03-27T11:36:34 IST" name="setupData" finished-at="2024-03-27T11:36:35 IST" duration-ms="1132" status="PASS">
          <reporter-output>
          </reporter-output>
        </test-method> <!-- setupData -->
        <test-method signature="testPostUser()[pri:1, instance:api.test.UserTests2@78b66d36]" started-at="2024-03-27T11:36:35 IST" name="testPostUser" finished-at="2024-03-27T11:36:39 IST" duration-ms="3975" status="PASS">
          <reporter-output>
          </reporter-output>
        </test-method> <!-- testPostUser -->
        <test-method signature="testGetUserByName()[pri:2, instance:api.test.UserTests2@78b66d36]" started-at="2024-03-27T11:36:39 IST" name="testGetUserByName" finished-at="2024-03-27T11:36:41 IST" duration-ms="1634" status="PASS">
          <reporter-output>
          </reporter-output>
        </test-method> <!-- testGetUserByName -->
        <test-method signature="updateUser()[pri:3, instance:api.test.UserTests2@78b66d36]" started-at="2024-03-27T11:36:41 IST" name="updateUser" finished-at="2024-03-27T11:36:44 IST" duration-ms="3172" status="PASS">
          <reporter-output>
          </reporter-output>
        </test-method> <!-- updateUser -->
        <test-method signature="deleteUser()[pri:4, instance:api.test.UserTests2@78b66d36]" started-at="2024-03-27T11:36:44 IST" name="deleteUser" finished-at="2024-03-27T11:36:45 IST" duration-ms="1535" status="PASS">
          <reporter-output>
          </reporter-output>
        </test-method> <!-- deleteUser -->
      </class> <!-- api.test.UserTests2 -->
    </test> <!-- Test -->
  </suite> <!-- Suite -->
</testng-results>
