<?xml version="1.0" encoding="UTF-8"?>
<testng-results ignored="0" total="4" passed="4" failed="0" skipped="0">
  <reporter-output>
  </reporter-output>
  <suite started-at="2024-03-27T10:57:41 IST" name="Suite" finished-at="2024-03-27T10:57:52 IST" duration-ms="11485">
    <groups>
    </groups>
    <test started-at="2024-03-27T10:57:41 IST" name="Test" finished-at="2024-03-27T10:57:52 IST" duration-ms="11485">
      <class name="api.test.UserTests2">
        <test-method is-config="true" signature="setupData()[pri:0, instance:api.test.UserTests2@3ce1e309]" started-at="2024-03-27T10:57:41 IST" name="setupData" finished-at="2024-03-27T10:57:42 IST" duration-ms="1146" status="PASS">
          <reporter-output>
          </reporter-output>
        </test-method> <!-- setupData -->
        <test-method signature="testPostUser()[pri:1, instance:api.test.UserTests2@3ce1e309]" started-at="2024-03-27T10:57:42 IST" name="testPostUser" finished-at="2024-03-27T10:57:46 IST" duration-ms="3801" status="PASS">
          <reporter-output>
          </reporter-output>
        </test-method> <!-- testPostUser -->
        <test-method signature="testGetUserByName()[pri:2, instance:api.test.UserTests2@3ce1e309]" started-at="2024-03-27T10:57:46 IST" name="testGetUserByName" finished-at="2024-03-27T10:57:47 IST" duration-ms="1444" status="PASS">
          <reporter-output>
          </reporter-output>
        </test-method> <!-- testGetUserByName -->
        <test-method signature="updateUser()[pri:3, instance:api.test.UserTests2@3ce1e309]" started-at="2024-03-27T10:57:47 IST" name="updateUser" finished-at="2024-03-27T10:57:51 IST" duration-ms="3071" status="PASS">
          <reporter-output>
          </reporter-output>
        </test-method> <!-- updateUser -->
        <test-method signature="deleteUser()[pri:4, instance:api.test.UserTests2@3ce1e309]" started-at="2024-03-27T10:57:51 IST" name="deleteUser" finished-at="2024-03-27T10:57:52 IST" duration-ms="1533" status="PASS">
          <reporter-output>
          </reporter-output>
        </test-method> <!-- deleteUser -->
      </class> <!-- api.test.UserTests2 -->
    </test> <!-- Test -->
  </suite> <!-- Suite -->
</testng-results>
